[1511月2024 19:01:35.420] [main/INFO] [cpw.mods.modlauncher.Launcher/MODLAUNCHER]: ModLauncher running: args [--launchTarget, forgeclientuserdev, --version, 21.0.164, --assetIndex, asset-index, --assetsDir, E:\.gradle\caches\minecraft\assets, --gameDir, ., --fml.neoForgeVersion, 21.0.164, --fml.fmlVersion, 4.0.23, --fml.mcVersion, 1.21, --fml.neoFormVersion, 20240613.152323]
[1511月2024 19:01:35.429] [main/INFO] [cpw.mods.modlauncher.Launcher/MODLAUNCHER]: JVM identified as Oracle Corporation OpenJDK 64-Bit Server VM 21.0.2+13-58
[1511月2024 19:01:35.432] [main/INFO] [cpw.mods.modlauncher.Launcher/MODLAUNCHER]: ModLauncher 11.0.4+main.d2e20e43 starting: java version 21.0.2 by Oracle Corporation; OS Windows 10 arch amd64 version 10.0
[1511月2024 19:01:35.714] [main/INFO] [net.neoforged.fml.loading.ImmediateWindowHandler/]: Loading ImmediateWindowProvider fmlearlywindow
[1511月2024 19:01:35.909] [main/INFO] [EARLYDISPLAY/]: Trying GL version 4.6
[1511月2024 19:01:36.012] [main/INFO] [EARLYDISPLAY/]: Requested GL version 4.6 got version 4.6
[1511月2024 19:01:36.214] [main/INFO] [mixin/]: SpongePowered MIXIN Subsystem Version=0.8.6 Source=union:/E:/.gradle/caches/modules-2/files-2.1/net.fabricmc/sponge-mixin/0.14.0+mixin.0.8.6/c265173c84346e9e5d42a2384b2b02bd39a4a899/sponge-mixin-0.14.0+mixin.0.8.6.jar%23136!/ Service=ModLauncher Env=CLIENT
[1511月2024 19:01:36.562] [pool-2-thread-1/INFO] [EARLYDISPLAY/]: GL info: Intel(R) HD Graphics 630 GL version 4.6.0 - Build 31.0.101.2121, Intel
[1511月2024 19:01:36.668] [main/INFO] [net.neoforged.fml.loading.moddiscovery.ModDiscoverer/SCAN]: Found mod file "neoforge-21.0.164.jar" [locator: neoforge devenv provider ([D:\MinecraftNeoForgeMod\SimpleClientCommands\.gradle\repositories\ng_dummy_ng\net\neoforged\neoforge\21.0.164\neoforge-21.0.164.jar])]
[1511月2024 19:01:36.701] [main/INFO] [net.neoforged.fml.loading.moddiscovery.ModDiscoverer/SCAN]: Found mod file "neoforge-21.0.164.jar" [locator: neoforge devenv provider ([D:\MinecraftNeoForgeMod\SimpleClientCommands\.gradle\repositories\ng_dummy_ng\net\neoforged\neoforge\21.0.164\neoforge-21.0.164.jar])]
[1511月2024 19:01:36.730] [main/INFO] [net.neoforged.fml.loading.moddiscovery.ModDiscoverer/SCAN]: Found mod file "main" [locator: userdev mods and services, reader: mod manifest]
[1511月2024 19:01:36.753] [main/INFO] [net.neoforged.fml.loading.moddiscovery.ModDiscoverer/SCAN]: Found mod file "scb-1.2.jar" [locator: userdev mods and services, reader: mod manifest]
[1511月2024 19:01:36.774] [main/INFO] [net.neoforged.fml.loading.moddiscovery.ModDiscoverer/SCAN]: Found mod file "neoforge-21.0.164.jar" [locator: userdev mods and services, reader: mod manifest]
[1511月2024 19:01:37.001] [main/INFO] [net.neoforged.fml.loading.moddiscovery.ModDiscoverer/SCAN]: Found gamelibrary file "mixinextras-neoforge-0.3.5.jar" [locator: userdev mods and services, reader: mod manifest]
[1511月2024 19:01:37.206] [main/WARN] [net.neoforged.jarjar.selection.JarSelector/]: Attempted to select a dependency jar for JarJar which was passed in as source: mixinextras-neoforge-0.3.5.jar. Using Mod File: E:\.gradle\caches\modules-2\files-2.1\io.github.llamalad7\mixinextras-neoforge\0.3.5\ef3ffcf309dae656517b2f120189b1c9b21737dd\mixinextras-neoforge-0.3.5.jar
[1511月2024 19:01:37.206] [main/INFO] [net.neoforged.fml.loading.moddiscovery.locators.JarInJarDependencyLocator/]: No dependencies to load found. Skipping!
[1511月2024 19:01:37.532] [main/INFO] [net.neoforged.fml.loading.FMLServiceProvider/CORE]: Loading coremod script-engine for [neoforge]
[1511月2024 19:01:38.878] [main/INFO] [cpw.mods.modlauncher.LaunchServiceHandler/MODLAUNCHER]: Launching target 'forgeclientuserdev' with arguments [--version, 21.0.164, --gameDir, ., --assetsDir, E:\.gradle\caches\minecraft\assets, --assetIndex, asset-index]
[1511月2024 19:01:38.973] [main/WARN] [mixin/]: Reference map 'SimpleClientCommands.refmap.json' for scc.mixins.json could not be read. If this is a development environment you can ignore this message
[1511月2024 19:01:38.974] [main/WARN] [mixin/]: Reference map 'SimpleClientBase.refmap.json' for scb.mixins.json could not be read. If this is a development environment you can ignore this message
[1511月2024 19:01:39.456] [main/INFO] [MixinExtras|Service/]: Initializing MixinExtras via com.llamalad7.mixinextras.service.MixinExtrasServiceImpl(version=0.3.5).
[1511月2024 19:01:42.452] [Datafixer Bootstrap/INFO] [com.mojang.datafixers.DataFixerBuilder/]: 229 Datafixer optimizations took 847 milliseconds
[1511月2024 19:01:52.123] [main/WARN] [net.minecraft.commands.Commands/]: Ambiguity between arguments [teleport, location] and [teleport, destination] with inputs: [0.1 -0.5 .9, 0 0 0]
[1511月2024 19:01:52.128] [main/WARN] [net.minecraft.commands.Commands/]: Ambiguity between arguments [teleport, location] and [teleport, targets] with inputs: [0.1 -0.5 .9, 0 0 0]
[1511月2024 19:01:52.133] [main/WARN] [net.minecraft.commands.Commands/]: Ambiguity between arguments [teleport, destination] and [teleport, targets] with inputs: [Player, 0123, @e, dd12be42-52a9-4a91-a8a1-11c01849e498]
[1511月2024 19:01:52.135] [main/WARN] [net.minecraft.commands.Commands/]: Ambiguity between arguments [teleport, targets] and [teleport, destination] with inputs: [Player, 0123, dd12be42-52a9-4a91-a8a1-11c01849e498]
[1511月2024 19:01:52.136] [main/WARN] [net.minecraft.commands.Commands/]: Ambiguity between arguments [teleport, targets, location] and [teleport, targets, destination] with inputs: [0.1 -0.5 .9, 0 0 0]
[1511月2024 19:01:52.443] [Render thread/WARN] [net.minecraft.server.packs.VanillaPackResourcesBuilder/]: Assets URL 'union:/D:/MinecraftNeoForgeMod/SimpleClientCommands/.gradle/repositories/ng_dummy_ng/net/neoforged/neoforge/21.0.164/neoforge-21.0.164.jar%23189!/assets/.mcassetsroot' uses unexpected schema
[1511月2024 19:01:52.444] [Render thread/WARN] [net.minecraft.server.packs.VanillaPackResourcesBuilder/]: Assets URL 'union:/D:/MinecraftNeoForgeMod/SimpleClientCommands/.gradle/repositories/ng_dummy_ng/net/neoforged/neoforge/21.0.164/neoforge-21.0.164.jar%23189!/data/.mcassetsroot' uses unexpected schema
[1511月2024 19:01:52.493] [Render thread/INFO] [com.mojang.authlib.yggdrasil.YggdrasilAuthenticationService/]: Environment: Environment[sessionHost=https://sessionserver.mojang.com, servicesHost=https://api.minecraftservices.com, name=PROD]
[1511月2024 19:01:52.509] [Render thread/INFO] [net.minecraft.client.Minecraft/]: Setting user: Dev
[1511月2024 19:01:52.695] [Render thread/INFO] [net.minecraft.client.Minecraft/]: Backend library: LWJGL version 3.3.3+5
[1511月2024 19:01:53.131] [modloading-worker-0/INFO] [net.neoforged.neoforge.common.NeoForgeMod/NEOFORGE-MOD]: NeoForge mod loading, version 21.0.164, for MC 1.21
[1511月2024 19:01:53.137] [modloading-worker-0/INFO] [cn.ksmcbrigade.scb.SimpleClientBase/]: Register the keys.
[1511月2024 19:01:53.239] [modloading-worker-0/INFO] [cn.ksmcbrigade.scb.SimpleClientBase/]: SimpleClientBase mod loaded!
[1511月2024 19:01:53.239] [modloading-worker-0/INFO] [cn.ksmcbrigade.scb.SimpleClientBase/]: Reloaded the HUD config.
[1511月2024 19:01:54.561] [Render thread/INFO] [net.neoforged.neoforge.gametest.GameTestHooks/]: Enabled Gametest Namespaces: []
[1511月2024 19:01:54.866] [Render thread/INFO] [net.minecraft.server.packs.resources.ReloadableResourceManager/]: Reloading ResourceManager: vanilla, mod_resources, mod/scc, mod/scb, mod/neoforge
[1511月2024 19:01:55.127] [Worker-Main-6/INFO] [net.minecraft.client.gui.font.providers.UnihexProvider/]: Found unifont_all_no_pua-15.1.05.hex, loading
[1511月2024 19:01:55.754] [Worker-Main-7/INFO] [net.minecraft.client.gui.font.providers.UnihexProvider/]: Found unifont_jp_patch-15.1.05.hex, loading
[1511月2024 19:01:57.671] [Render thread/WARN] [net.minecraft.client.sounds.SoundEngine/]: Missing sound for event: minecraft:item.goat_horn.play
[1511月2024 19:01:57.672] [Render thread/WARN] [net.minecraft.client.sounds.SoundEngine/]: Missing sound for event: minecraft:entity.goat.screaming.horn_break
[1511月2024 19:01:57.786] [Render thread/INFO] [com.mojang.blaze3d.audio.Library/]: OpenAL initialized on device OpenAL Soft on 扬声器 (Realtek High Definition Audio)
[1511月2024 19:01:57.789] [Render thread/INFO] [net.minecraft.client.sounds.SoundEngine/SOUNDS]: Sound engine started
[1511月2024 19:01:57.983] [Render thread/INFO] [net.minecraft.client.renderer.texture.TextureAtlas/]: Created: 1024x512x4 minecraft:textures/atlas/blocks.png-atlas
[1511月2024 19:01:58.099] [Render thread/INFO] [net.minecraft.client.renderer.texture.TextureAtlas/]: Created: 256x256x4 minecraft:textures/atlas/signs.png-atlas
[1511月2024 19:01:58.101] [Render thread/INFO] [net.minecraft.client.renderer.texture.TextureAtlas/]: Created: 512x512x4 minecraft:textures/atlas/banner_patterns.png-atlas
[1511月2024 19:01:58.107] [Render thread/INFO] [net.minecraft.client.renderer.texture.TextureAtlas/]: Created: 512x512x4 minecraft:textures/atlas/shield_patterns.png-atlas
[1511月2024 19:01:58.112] [Render thread/INFO] [net.minecraft.client.renderer.texture.TextureAtlas/]: Created: 1024x1024x4 minecraft:textures/atlas/armor_trims.png-atlas
[1511月2024 19:01:58.150] [Render thread/INFO] [net.minecraft.client.renderer.texture.TextureAtlas/]: Created: 256x256x4 minecraft:textures/atlas/chest.png-atlas
[1511月2024 19:01:58.151] [Render thread/INFO] [net.minecraft.client.renderer.texture.TextureAtlas/]: Created: 128x64x4 minecraft:textures/atlas/decorated_pot.png-atlas
[1511月2024 19:01:58.154] [Render thread/INFO] [net.minecraft.client.renderer.texture.TextureAtlas/]: Created: 512x256x4 minecraft:textures/atlas/beds.png-atlas
[1511月2024 19:01:58.157] [Render thread/INFO] [net.minecraft.client.renderer.texture.TextureAtlas/]: Created: 512x256x4 minecraft:textures/atlas/shulker_boxes.png-atlas
[1511月2024 19:01:58.492] [Render thread/INFO] [net.minecraft.client.renderer.texture.TextureAtlas/]: Created: 512x256x0 minecraft:textures/atlas/particles.png-atlas
[1511月2024 19:01:58.511] [Render thread/INFO] [net.minecraft.client.renderer.texture.TextureAtlas/]: Created: 512x256x0 minecraft:textures/atlas/paintings.png-atlas
[1511月2024 19:01:58.515] [Render thread/INFO] [net.minecraft.client.renderer.texture.TextureAtlas/]: Created: 256x128x0 minecraft:textures/atlas/mob_effects.png-atlas
[1511月2024 19:01:58.517] [Render thread/INFO] [net.minecraft.client.renderer.texture.TextureAtlas/]: Created: 64x64x0 minecraft:textures/atlas/map_decorations.png-atlas
[1511月2024 19:01:58.521] [Render thread/INFO] [net.minecraft.client.renderer.texture.TextureAtlas/]: Created: 1024x512x0 minecraft:textures/atlas/gui.png-atlas
[1511月2024 19:01:58.998] [Render thread/WARN] [net.minecraft.client.renderer.ShaderInstance/]: Shader rendertype_entity_translucent_emissive could not find sampler named Sampler2 in the specified shader program.
[1511月2024 19:02:08.468] [Render thread/INFO] [net.minecraft.world.item.crafting.RecipeManager/]: Loaded 1290 recipes
[1511月2024 19:02:08.779] [Render thread/INFO] [net.minecraft.advancements.AdvancementTree/]: Loaded 1399 advancements
[1511月2024 19:02:09.536] [Server thread/INFO] [net.minecraft.client.server.IntegratedServer/]: Starting integrated minecraft server version 1.21
[1511月2024 19:02:09.537] [Server thread/INFO] [net.minecraft.server.MinecraftServer/]: Generating keypair
[1511月2024 19:02:11.841] [Server thread/INFO] [net.minecraft.server.MinecraftServer/]: Preparing start region for dimension minecraft:overworld
[1511月2024 19:02:12.615] [progressListener/INFO] [net.minecraft.server.level.progress.LoggerChunkProgressListener/]: Preparing spawn area: 0%
[1511月2024 19:02:12.615] [progressListener/INFO] [net.minecraft.server.level.progress.LoggerChunkProgressListener/]: Preparing spawn area: 0%
[1511月2024 19:02:12.807] [Server thread/INFO] [net.neoforged.neoforge.server.permission.PermissionAPI/]: Successfully initialized permission handler neoforge:default_handler
[1511月2024 19:02:12.809] [progressListener/INFO] [net.minecraft.server.level.progress.LoggerChunkProgressListener/]: Time elapsed: 961 ms
[1511月2024 19:02:12.930] [Server thread/INFO] [net.minecraft.client.server.IntegratedServer/]: Changing view distance to 12, from 10
[1511月2024 19:02:12.931] [Server thread/INFO] [net.minecraft.client.server.IntegratedServer/]: Changing simulation distance to 12, from 0
[1511月2024 19:02:14.052] [Server thread/INFO] [net.minecraft.server.players.PlayerList/]: Dev[local:E:ff32c296] logged in with entity id 12 at (-102.92487792550943, 65.11650136792812, 101.95195877473834)
[1511月2024 19:02:14.123] [Server thread/INFO] [net.minecraft.server.MinecraftServer/]: Dev joined the game
[1511月2024 19:02:14.405] [Render thread/INFO] [net.minecraft.advancements.AdvancementTree/]: Loaded 37 advancements
[1511月2024 19:02:14.959] [Server thread/INFO] [net.minecraft.client.server.IntegratedServer/]: Saving and pausing game...
[1511月2024 19:02:15.259] [Server thread/INFO] [net.minecraft.server.MinecraftServer/]: Saving chunks for level 'ServerLevel[New World]'/minecraft:overworld
[1511月2024 19:02:15.368] [Server thread/INFO] [net.minecraft.server.MinecraftServer/]: Saving chunks for level 'ServerLevel[New World]'/minecraft:the_end
[1511月2024 19:02:15.677] [Server thread/INFO] [net.minecraft.server.MinecraftServer/]: Saving chunks for level 'ServerLevel[New World]'/minecraft:the_nether
[1511月2024 19:02:37.490] [Render thread/INFO] [net.minecraft.client.gui.components.ChatComponent/]: [System] [CHAT] command: say     args: 1
[1511月2024 19:02:37.492] [Render thread/INFO] [net.minecraft.client.gui.components.ChatComponent/]: [System] [CHAT] command: tp     args: 3
[1511月2024 19:02:37.492] [Render thread/INFO] [net.minecraft.client.gui.components.ChatComponent/]: [System] [CHAT] command: drop     args: 0
[1511月2024 19:02:37.492] [Render thread/INFO] [net.minecraft.client.gui.components.ChatComponent/]: [System] [CHAT] command: drop-all     args: 0
[1511月2024 19:02:37.493] [Render thread/INFO] [net.minecraft.client.gui.components.ChatComponent/]: [System] [CHAT] command: enchant     args: 0
[1511月2024 19:02:37.493] [Render thread/INFO] [net.minecraft.client.gui.components.ChatComponent/]: [System] [CHAT] command: all-ep     args: 0
[1511月2024 19:02:37.493] [Render thread/INFO] [net.minecraft.client.gui.components.ChatComponent/]: [System] [CHAT] command: ben-ep     args: 0
[1511月2024 19:02:37.493] [Render thread/INFO] [net.minecraft.client.gui.components.ChatComponent/]: [System] [CHAT] command: ben-neu-ep     args: 0
[1511月2024 19:02:37.493] [Render thread/INFO] [net.minecraft.client.gui.components.ChatComponent/]: [System] [CHAT] command: hard-ep     args: 0
[1511月2024 19:02:37.493] [Render thread/INFO] [net.minecraft.client.gui.components.ChatComponent/]: [System] [CHAT] command: hard-neu-ep     args: 0
[1511月2024 19:02:37.493] [Render thread/INFO] [net.minecraft.client.gui.components.ChatComponent/]: [System] [CHAT] command: neu-ep     args: 0
[1511月2024 19:02:37.493] [Render thread/INFO] [net.minecraft.client.gui.components.ChatComponent/]: [System] [CHAT] command: kill-ep     args: 0
[1511月2024 19:02:37.493] [Render thread/INFO] [net.minecraft.client.gui.components.ChatComponent/]: [System] [CHAT] command: kill-ep-2     args: 0
[1511月2024 19:02:37.494] [Render thread/INFO] [net.minecraft.client.gui.components.ChatComponent/]: [System] [CHAT] command: heal-ep     args: 0
[1511月2024 19:02:37.494] [Render thread/INFO] [net.minecraft.client.gui.components.ChatComponent/]: [System] [CHAT] command: give     args: 2
[1511月2024 19:02:37.494] [Render thread/INFO] [net.minecraft.client.gui.components.ChatComponent/]: [System] [CHAT] command: copy     args: 1
[1511月2024 19:02:37.494] [Render thread/INFO] [net.minecraft.client.gui.components.ChatComponent/]: [System] [CHAT] command: pos     args: 0
[1511月2024 19:02:37.494] [Render thread/INFO] [net.minecraft.client.gui.components.ChatComponent/]: [System] [CHAT] command: help     args: 0
[1511月2024 19:03:12.730] [Render thread/WARN] [net.minecraft.client.sounds.SoundEngine/SOUNDS]: Unable to play empty soundEvent: minecraft:entity.salmon.ambient
[1511月2024 19:03:13.447] [Server thread/INFO] [net.minecraft.server.MinecraftServer/]: [Dev: Summoned new Sheep]
[1511月2024 19:03:13.455] [Render thread/INFO] [net.minecraft.client.gui.components.ChatComponent/]: [System] [CHAT] Summoned new Sheep
[1511月2024 19:03:14.934] [Render thread/INFO] [net.minecraft.advancements.AdvancementTree/]: Loaded 73 advancements
[1511月2024 19:03:18.242] [Server thread/INFO] [net.minecraft.server.MinecraftServer/]: [Dev: Summoned new Sheep]
[1511月2024 19:03:18.251] [Render thread/INFO] [net.minecraft.client.gui.components.ChatComponent/]: [System] [CHAT] Summoned new Sheep
[1511月2024 19:03:22.197] [Server thread/INFO] [net.minecraft.server.MinecraftServer/]: [Dev: Set own game mode to Survival Mode]
[1511月2024 19:03:22.198] [Render thread/INFO] [net.minecraft.client.gui.components.ChatComponent/]: [System] [CHAT] Set own game mode to Survival Mode
[1511月2024 19:03:28.037] [Server thread/INFO] [net.minecraft.server.MinecraftServer/]: [Dev: Removed every effect from Dev]
[1511月2024 19:03:28.048] [Render thread/INFO] [net.minecraft.client.gui.components.ChatComponent/]: [System] [CHAT] Removed every effect from Dev
[1511月2024 19:04:14.173] [Server thread/INFO] [net.minecraft.server.MinecraftServer/]: [Dev: Set own game mode to Creative Mode]
[1511月2024 19:04:14.174] [Render thread/INFO] [net.minecraft.client.gui.components.ChatComponent/]: [System] [CHAT] Set own game mode to Creative Mode
[1511月2024 19:04:23.073] [Server thread/INFO] [net.minecraft.server.MinecraftServer/]: [Dev: Removed every effect from Dev]
[1511月2024 19:04:23.075] [Render thread/INFO] [net.minecraft.client.gui.components.ChatComponent/]: [System] [CHAT] Removed every effect from Dev
[1511月2024 19:04:24.134] [Server thread/INFO] [net.minecraft.server.MinecraftServer/]: [Dev: Set own game mode to Survival Mode]
[1511月2024 19:04:24.137] [Render thread/INFO] [net.minecraft.client.gui.components.ChatComponent/]: [System] [CHAT] Set own game mode to Survival Mode
[1511月2024 19:04:33.583] [Server thread/INFO] [net.minecraft.server.MinecraftServer/]: [Dev: Set own game mode to Creative Mode]
[1511月2024 19:04:33.584] [Render thread/INFO] [net.minecraft.client.gui.components.ChatComponent/]: [System] [CHAT] Set own game mode to Creative Mode
[1511月2024 19:05:33.365] [Render thread/INFO] [net.minecraft.client.gui.components.ChatComponent/]: [System] [CHAT] command: say     args: 1
[1511月2024 19:05:33.366] [Render thread/INFO] [net.minecraft.client.gui.components.ChatComponent/]: [System] [CHAT] command: tp     args: 3
[1511月2024 19:05:33.366] [Render thread/INFO] [net.minecraft.client.gui.components.ChatComponent/]: [System] [CHAT] command: drop     args: 0
[1511月2024 19:05:33.366] [Render thread/INFO] [net.minecraft.client.gui.components.ChatComponent/]: [System] [CHAT] command: drop-all     args: 0
[1511月2024 19:05:33.367] [Render thread/INFO] [net.minecraft.client.gui.components.ChatComponent/]: [System] [CHAT] command: enchant     args: 0
[1511月2024 19:05:33.367] [Render thread/INFO] [net.minecraft.client.gui.components.ChatComponent/]: [System] [CHAT] command: all-ep     args: 0
[1511月2024 19:05:33.367] [Render thread/INFO] [net.minecraft.client.gui.components.ChatComponent/]: [System] [CHAT] command: ben-ep     args: 0
[1511月2024 19:05:33.367] [Render thread/INFO] [net.minecraft.client.gui.components.ChatComponent/]: [System] [CHAT] command: ben-neu-ep     args: 0
[1511月2024 19:05:33.367] [Render thread/INFO] [net.minecraft.client.gui.components.ChatComponent/]: [System] [CHAT] command: hard-ep     args: 0
[1511月2024 19:05:33.367] [Render thread/INFO] [net.minecraft.client.gui.components.ChatComponent/]: [System] [CHAT] command: hard-neu-ep     args: 0
[1511月2024 19:05:33.367] [Render thread/INFO] [net.minecraft.client.gui.components.ChatComponent/]: [System] [CHAT] command: neu-ep     args: 0
[1511月2024 19:05:33.367] [Render thread/INFO] [net.minecraft.client.gui.components.ChatComponent/]: [System] [CHAT] command: kill-ep     args: 0
[1511月2024 19:05:33.368] [Render thread/INFO] [net.minecraft.client.gui.components.ChatComponent/]: [System] [CHAT] command: kill-ep-2     args: 0
[1511月2024 19:05:33.368] [Render thread/INFO] [net.minecraft.client.gui.components.ChatComponent/]: [System] [CHAT] command: heal-ep     args: 0
[1511月2024 19:05:33.368] [Render thread/INFO] [net.minecraft.client.gui.components.ChatComponent/]: [System] [CHAT] command: give     args: 2
[1511月2024 19:05:33.368] [Render thread/INFO] [net.minecraft.client.gui.components.ChatComponent/]: [System] [CHAT] command: copy     args: 1
[1511月2024 19:05:33.368] [Render thread/INFO] [net.minecraft.client.gui.components.ChatComponent/]: [System] [CHAT] command: pos     args: 0
[1511月2024 19:05:33.368] [Render thread/INFO] [net.minecraft.client.gui.components.ChatComponent/]: [System] [CHAT] command: help     args: 0
[1511月2024 19:05:39.421] [Render thread/INFO] [net.minecraft.client.gui.components.ChatComponent/]: [System] [CHAT] Saved screenshot as 2024-11-15_19.05.39.png
[1511月2024 19:06:15.033] [Render thread/INFO] [net.minecraft.client.gui.components.ChatComponent/]: [System] [CHAT] Saved screenshot as 2024-11-15_19.06.14.png
[1511月2024 19:06:15.368] [Server thread/INFO] [net.minecraft.server.MinecraftServer/]: [Dev: Set own game mode to Survival Mode]
[1511月2024 19:06:15.377] [Render thread/INFO] [net.minecraft.client.gui.components.ChatComponent/]: [System] [CHAT] Set own game mode to Survival Mode
[1511月2024 19:06:16.666] [Server thread/INFO] [net.minecraft.server.MinecraftServer/]: Dev was killed by Dev using magic
[1511月2024 19:06:16.677] [Render thread/INFO] [net.minecraft.client.gui.components.ChatComponent/]: [System] [CHAT] Dev was killed by Dev using magic
[1511月2024 19:06:22.313] [Server thread/INFO] [net.minecraft.server.MinecraftServer/]: [Dev: Set own game mode to Creative Mode]
[1511月2024 19:06:22.317] [Render thread/INFO] [net.minecraft.client.gui.components.ChatComponent/]: [System] [CHAT] Set own game mode to Creative Mode
[1511月2024 19:06:29.820] [Render thread/INFO] [net.minecraft.advancements.AdvancementTree/]: Loaded 73 advancements
[1511月2024 19:09:47.233] [Render thread/INFO] [net.minecraft.client.Minecraft/]: Stopping!
[1511月2024 19:09:47.268] [Server thread/INFO] [net.minecraft.server.network.ServerGamePacketListenerImpl/]: Dev lost connection: Disconnected
[1511月2024 19:09:47.268] [Server thread/INFO] [net.minecraft.server.MinecraftServer/]: Dev left the game
[1511月2024 19:09:47.305] [Server thread/INFO] [net.minecraft.server.network.ServerCommonPacketListenerImpl/]: Stopping singleplayer server as player logged out
[1511月2024 19:09:47.317] [Server thread/INFO] [net.minecraft.server.MinecraftServer/]: Stopping server
[1511月2024 19:09:47.317] [Server thread/INFO] [net.minecraft.server.MinecraftServer/]: Saving players
[1511月2024 19:09:47.318] [Server thread/INFO] [net.minecraft.server.MinecraftServer/]: Saving worlds
[1511月2024 19:09:48.303] [Server thread/INFO] [net.minecraft.server.MinecraftServer/]: Saving chunks for level 'ServerLevel[New World]'/minecraft:overworld
[1511月2024 19:09:49.677] [Server thread/INFO] [net.minecraft.server.MinecraftServer/]: Saving chunks for level 'ServerLevel[New World]'/minecraft:the_end
[1511月2024 19:09:49.753] [Server thread/INFO] [net.minecraft.server.MinecraftServer/]: Saving chunks for level 'ServerLevel[New World]'/minecraft:the_nether
[1511月2024 19:09:49.875] [Server thread/INFO] [net.minecraft.server.MinecraftServer/]: ThreadedAnvilChunkStorage (New World): All chunks are saved
[1511月2024 19:09:49.876] [Server thread/INFO] [net.minecraft.server.MinecraftServer/]: ThreadedAnvilChunkStorage (DIM1): All chunks are saved
[1511月2024 19:09:49.876] [Server thread/INFO] [net.minecraft.server.MinecraftServer/]: ThreadedAnvilChunkStorage (DIM-1): All chunks are saved
[1511月2024 19:09:49.876] [Server thread/INFO] [net.minecraft.server.MinecraftServer/]: ThreadedAnvilChunkStorage: All dimensions are saved
